⚡️ ZEUS ⚡️ 2025-02-20T15:21:31,690 WARN  [] - Support for convention-based stereotype names is deprecated and will be removed in a future version of the framework. Please annotate the 'value' attribute in @com.theairebellion.zeus.framework.annotation.TestService with @AliasFor(annotation=Component.class) to declare an explicit alias for @Component's 'value' attribute.
⚡️ ZEUS ⚡️ 2025-02-20T15:21:32,262 INFO  [] - Starting ZeroBankTest using Java 17.0.14 with PID 20816 (started by stefa in C:\Users\stefa\OneDrive\Desktop\Stefan\Private Repos\temp-project\example-project)
⚡️ ZEUS ⚡️ 2025-02-20T15:21:32,279 INFO  [] - No active profile set, falling back to 1 default profile: "default"
⚡️ ZEUS ⚡️ 2025-02-20T15:21:33,293 INFO  [] - Started ZeroBankTest in 2.505 seconds (process running for 6.849)
⚡️ ZEUS ⚡️ 2025-02-20T15:21:34,591 [scenario=ZeroBankTest.tableAssert] INFO  [TEST] - The quest: 'tableAssert(Quest)' has begun.
⚡️ ZEUS ⚡️ 2025-02-20T15:21:34,721 [scenario=ZeroBankTest.tableAssert] INFO  [UI] - Driver of type: CHROME has been registered
⚡️ ZEUS ⚡️ 2025-02-20T15:21:34,736 [scenario=ZeroBankTest.tableAssert] INFO  [UI] - Driver of type: EDGE has been registered
⚡️ ZEUS ⚡️ 2025-02-20T15:21:35,315 [scenario=ZeroBankTest.tableAssert] INFO  [] - Using chromedriver 133.0.6943.126 (resolved driver for Chrome 133)
⚡️ ZEUS ⚡️ 2025-02-20T15:21:35,374 [scenario=ZeroBankTest.tableAssert] INFO  [] - Exporting webdriver.chrome.driver as C:\Users\stefa\.cache\selenium\chromedriver\win64\133.0.6943.126\chromedriver.exe
⚡️ ZEUS ⚡️ 2025-02-20T15:21:35,402 [scenario=ZeroBankTest.tableAssert] INFO  [UI] - Chrome driver is downloaded with compatible version for the installed browser
⚡️ ZEUS ⚡️ 2025-02-20T15:21:35,437 [scenario=ZeroBankTest.tableAssert] INFO  [UI] - Webdriver is started
⚡️ ZEUS ⚡️ 2025-02-20T15:21:36,980 [scenario=ZeroBankTest.tableAssert] WARN  [] - Unable to find an exact match for CDP version 133, returning the closest version; found: 129; Please update to a Selenium version that supports CDP version 133
⚡️ ZEUS ⚡️ 2025-02-20T15:21:38,232 [scenario=ZeroBankTest.tableAssert] INFO  [TEST] - Quest crafted for scenario: 'tableAssert(Quest)'.
⚡️ ZEUS ⚡️ 2025-02-20T15:21:38,330 [scenario=ZeroBankTest.tableAssert] INFO  [TEST] - The quest has undertaken a journey through: 'com.example.project.ui.UiServiceCustom'
⚡️ ZEUS ⚡️ 2025-02-20T15:21:42,926 [scenario=ZeroBankTest.tableAssert] INFO  [UI] - Inserting value: 'username' into input component of type: 'BOOTSTRAP_INPUT_TYPE'.
⚡️ ZEUS ⚡️ 2025-02-20T15:21:43,436 [scenario=ZeroBankTest.tableAssert] INFO  [UI] - Inserting value: 'password' into input component of type: 'BOOTSTRAP_INPUT_TYPE'.
⚡️ ZEUS ⚡️ 2025-02-20T15:21:49,720 [scenario=ZeroBankTest.tableAssert] INFO  [UI] - Inserting value: 'ONLINE' into input component of type: 'BOOTSTRAP_INPUT_TYPE'.
⚡️ ZEUS ⚡️ 2025-02-20T15:21:50,530 [scenario=ZeroBankTest.tableAssert] INFO  [UI] - Inserting value: '2012-01-01' into input component of type: 'BOOTSTRAP_INPUT_TYPE'.
⚡️ ZEUS ⚡️ 2025-02-20T15:21:50,803 [scenario=ZeroBankTest.tableAssert] INFO  [UI] - Inserting value: '2012-12-31' into input component of type: 'BOOTSTRAP_INPUT_TYPE'.
⚡️ ZEUS ⚡️ 2025-02-20T15:21:51,106 [scenario=ZeroBankTest.tableAssert] INFO  [UI] - Inserting value: '100' into input component of type: 'BOOTSTRAP_INPUT_TYPE'.
⚡️ ZEUS ⚡️ 2025-02-20T15:21:51,380 [scenario=ZeroBankTest.tableAssert] INFO  [UI] - Inserting value: '1000' into input component of type: 'BOOTSTRAP_INPUT_TYPE'.
⚡️ ZEUS ⚡️ 2025-02-20T15:21:54,372 [scenario=ZeroBankTest.tableAssert] VALIDATION [TEST] - Starting hard validation.
⚡️ ZEUS ⚡️ 2025-02-20T15:21:54,388 [scenario=ZeroBankTest.tableAssert] VALIDATION [TEST] - Hard validation has passed.
⚡️ ZEUS ⚡️ 2025-02-20T15:21:54,404 [scenario=ZeroBankTest.tableAssert] INFO  [UI] - Starting response validation with 10 assertion(s).
⚡️ ZEUS ⚡️ 2025-02-20T15:21:54,688 [scenario=ZeroBankTest.tableAssert] VALIDATION [TEST] - ✔ Validation passed: TABLE_NOT_EMPTY (Expected: true, Actual: [[2012-09-06, ONLINE TRANSFER REF #UKKSDRQG6L, 984.3, ], [2012-09-01, ONLINE TRANSFER REF #UKKSDRQG6L, 1000, ]])
⚡️ ZEUS ⚡️ 2025-02-20T15:21:55,005 [scenario=ZeroBankTest.tableAssert] VALIDATION [TEST] - ✔ Validation passed: TABLE_ROW_COUNT (Expected: 2, Actual: [[2012-09-06, ONLINE TRANSFER REF #UKKSDRQG6L, 984.3, ], [2012-09-01, ONLINE TRANSFER REF #UKKSDRQG6L, 1000, ]])
⚡️ ZEUS ⚡️ 2025-02-20T15:21:55,012 [scenario=ZeroBankTest.tableAssert] VALIDATION [TEST] - ✔ Validation passed: ALL_ROWS_CONTAIN_VALUES (Expected: [ONLINE TRANSFER REF #UKKSDRQG6L], Actual: [[2012-09-06, ONLINE TRANSFER REF #UKKSDRQG6L, 984.3, ], [2012-09-01, ONLINE TRANSFER REF #UKKSDRQG6L, 1000, ]])
⚡️ ZEUS ⚡️ 2025-02-20T15:21:55,021 [scenario=ZeroBankTest.tableAssert] VALIDATION [TEST] - ✔ Validation passed: TABLE_DOES_NOT_CONTAIN_ROW (Expected: [random, TEST, 222.2, ], Actual: [[2012-09-06, ONLINE TRANSFER REF #UKKSDRQG6L, 984.3, ], [2012-09-01, ONLINE TRANSFER REF #UKKSDRQG6L, 1000, ]])
⚡️ ZEUS ⚡️ 2025-02-20T15:21:55,044 [scenario=ZeroBankTest.tableAssert] VALIDATION [TEST] - ✔ Validation passed: UNIQUE_ROWS (Expected: true, Actual: [[2012-09-06, ONLINE TRANSFER REF #UKKSDRQG6L, 984.3, ], [2012-09-01, ONLINE TRANSFER REF #UKKSDRQG6L, 1000, ]])
⚡️ ZEUS ⚡️ 2025-02-20T15:21:55,052 [scenario=ZeroBankTest.tableAssert] VALIDATION [TEST] - ✔ Validation passed: NO_EMPTY_CELLS (Expected: false, Actual: [[2012-09-06, ONLINE TRANSFER REF #UKKSDRQG6L, 984.3, ], [2012-09-01, ONLINE TRANSFER REF #UKKSDRQG6L, 1000, ]])
⚡️ ZEUS ⚡️ 2025-02-20T15:21:55,059 [scenario=ZeroBankTest.tableAssert] VALIDATION [TEST] - ✔ Validation passed: COLUMN_VALUE_UNIQUENESS (Expected: 1, Actual: [[2012-09-06, ONLINE TRANSFER REF #UKKSDRQG6L, 984.3, ], [2012-09-01, ONLINE TRANSFER REF #UKKSDRQG6L, 1000, ]])
⚡️ ZEUS ⚡️ 2025-02-20T15:21:55,068 [scenario=ZeroBankTest.tableAssert] VALIDATION [TEST] - ✔ Validation passed: TABLE_DATA_MATCHES_EXPECTED (Expected: [[2012-09-06, ONLINE TRANSFER REF #UKKSDRQG6L, 984.3, ], [2012-09-01, ONLINE TRANSFER REF #UKKSDRQG6L, 1000, ]], Actual: [[2012-09-06, ONLINE TRANSFER REF #UKKSDRQG6L, 984.3, ], [2012-09-01, ONLINE TRANSFER REF #UKKSDRQG6L, 1000, ]])
⚡️ ZEUS ⚡️ 2025-02-20T15:21:55,077 [scenario=ZeroBankTest.tableAssert] VALIDATION [TEST] - ✔ Validation passed: ALL_CELLS_ENABLED (Expected: true, Actual: [[Decorated {[[[[[[ChromeDriver: chrome on windows (c8c55c5d2365bc163bd0e346ec518c38)] -> css selector: [id='filtered_transactions_for_account'] table]] -> css selector: tbody tr]] -> css selector: td:nth-of-type(1)]}, Decorated {[[[[[[ChromeDriver: chrome on windows (c8c55c5d2365bc163bd0e346ec518c38)] -> css selector: [id='filtered_transactions_for_account'] table]] -> css selector: tbody tr]] -> css selector: td:nth-of-type(2)]}, Decorated {[[[[[[ChromeDriver: chrome on windows (c8c55c5d2365bc163bd0e346ec518c38)] -> css selector: [id='filtered_transactions_for_account'] table]] -> css selector: tbody tr]] -> css selector: td:nth-of-type(3)]}, Decorated {[[[[[[ChromeDriver: chrome on windows (c8c55c5d2365bc163bd0e346ec518c38)] -> css selector: [id='filtered_transactions_for_account'] table]] -> css selector: tbody tr]] -> css selector: td:nth-of-type(4)]}], [Decorated {[[[[[[ChromeDriver: chrome on windows (c8c55c5d2365bc163bd0e346ec518c38)] -> css selector: [id='filtered_transactions_for_account'] table]] -> css selector: tbody tr]] -> css selector: td:nth-of-type(1)]}, Decorated {[[[[[[ChromeDriver: chrome on windows (c8c55c5d2365bc163bd0e346ec518c38)] -> css selector: [id='filtered_transactions_for_account'] table]] -> css selector: tbody tr]] -> css selector: td:nth-of-type(2)]}, Decorated {[[[[[[ChromeDriver: chrome on windows (c8c55c5d2365bc163bd0e346ec518c38)] -> css selector: [id='filtered_transactions_for_account'] table]] -> css selector: tbody tr]] -> css selector: td:nth-of-type(3)]}, Decorated {[[[[[[ChromeDriver: chrome on windows (c8c55c5d2365bc163bd0e346ec518c38)] -> css selector: [id='filtered_transactions_for_account'] table]] -> css selector: tbody tr]] -> css selector: td:nth-of-type(4)]}]])
⚡️ ZEUS ⚡️ 2025-02-20T15:21:55,089 [scenario=ZeroBankTest.tableAssert] VALIDATION [TEST] - ✔ Validation passed: ALL_CELLS_CLICKABLE (Expected: true, Actual: [[Decorated {[[[[[[ChromeDriver: chrome on windows (c8c55c5d2365bc163bd0e346ec518c38)] -> css selector: [id='filtered_transactions_for_account'] table]] -> css selector: tbody tr]] -> css selector: td:nth-of-type(1)]}, Decorated {[[[[[[ChromeDriver: chrome on windows (c8c55c5d2365bc163bd0e346ec518c38)] -> css selector: [id='filtered_transactions_for_account'] table]] -> css selector: tbody tr]] -> css selector: td:nth-of-type(2)]}, Decorated {[[[[[[ChromeDriver: chrome on windows (c8c55c5d2365bc163bd0e346ec518c38)] -> css selector: [id='filtered_transactions_for_account'] table]] -> css selector: tbody tr]] -> css selector: td:nth-of-type(3)]}, Decorated {[[[[[[ChromeDriver: chrome on windows (c8c55c5d2365bc163bd0e346ec518c38)] -> css selector: [id='filtered_transactions_for_account'] table]] -> css selector: tbody tr]] -> css selector: td:nth-of-type(4)]}], [Decorated {[[[[[[ChromeDriver: chrome on windows (c8c55c5d2365bc163bd0e346ec518c38)] -> css selector: [id='filtered_transactions_for_account'] table]] -> css selector: tbody tr]] -> css selector: td:nth-of-type(1)]}, Decorated {[[[[[[ChromeDriver: chrome on windows (c8c55c5d2365bc163bd0e346ec518c38)] -> css selector: [id='filtered_transactions_for_account'] table]] -> css selector: tbody tr]] -> css selector: td:nth-of-type(2)]}, Decorated {[[[[[[ChromeDriver: chrome on windows (c8c55c5d2365bc163bd0e346ec518c38)] -> css selector: [id='filtered_transactions_for_account'] table]] -> css selector: tbody tr]] -> css selector: td:nth-of-type(3)]}, Decorated {[[[[[[ChromeDriver: chrome on windows (c8c55c5d2365bc163bd0e346ec518c38)] -> css selector: [id='filtered_transactions_for_account'] table]] -> css selector: tbody tr]] -> css selector: td:nth-of-type(4)]}]])
⚡️ ZEUS ⚡️ 2025-02-20T15:21:55,697 [scenario=ZeroBankTest.tableAssert] INFO  [UI] - Starting response validation with 2 assertion(s).
⚡️ ZEUS ⚡️ 2025-02-20T15:21:55,710 [scenario=ZeroBankTest.tableAssert] VALIDATION [TEST] - ✔ Validation passed: ROW_NOT_EMPTY (Expected: true, Actual: [2012-09-06, ONLINE TRANSFER REF #UKKSDRQG6L, 984.3, ])
⚡️ ZEUS ⚡️ 2025-02-20T15:21:55,721 [scenario=ZeroBankTest.tableAssert] VALIDATION [TEST] - ✔ Validation passed: ROW_CONTAIN_VALUES (Expected: [2012-09-06, ONLINE TRANSFER REF #UKKSDRQG6L], Actual: [2012-09-06, ONLINE TRANSFER REF #UKKSDRQG6L, 984.3, ])
⚡️ ZEUS ⚡️ 2025-02-20T15:21:55,739 [scenario=ZeroBankTest.tableAssert] INFO  [TEST] - The quest has left the journey.
⚡️ ZEUS ⚡️ 2025-02-20T15:21:55,746 [scenario=ZeroBankTest.tableAssert] INFO  [TEST] - The quest has reached his end
⚡️ ZEUS ⚡️ 2025-02-20T15:21:55,922 WARN  [] - Connection reset
java.net.SocketException: Connection reset
	at java.base/sun.nio.ch.SocketChannelImpl.throwConnectionReset(SocketChannelImpl.java:394) ~[?:?]
	at java.base/sun.nio.ch.SocketChannelImpl.read(SocketChannelImpl.java:426) ~[?:?]
	at java.net.http/jdk.internal.net.http.SocketTube.readAvailable(SocketTube.java:1170) ~[java.net.http:?]
	at java.net.http/jdk.internal.net.http.SocketTube$InternalReadPublisher$InternalReadSubscription.read(SocketTube.java:833) ~[java.net.http:?]
	at java.net.http/jdk.internal.net.http.SocketTube$SocketFlowTask.run(SocketTube.java:181) ~[java.net.http:?]
	at java.net.http/jdk.internal.net.http.common.SequentialScheduler$SchedulableTask.run(SequentialScheduler.java:230) ~[java.net.http:?]
	at java.net.http/jdk.internal.net.http.common.SequentialScheduler.runOrSchedule(SequentialScheduler.java:303) ~[java.net.http:?]
	at java.net.http/jdk.internal.net.http.common.SequentialScheduler.runOrSchedule(SequentialScheduler.java:256) ~[java.net.http:?]
	at java.net.http/jdk.internal.net.http.SocketTube$InternalReadPublisher$InternalReadSubscription.signalReadable(SocketTube.java:774) ~[java.net.http:?]
	at java.net.http/jdk.internal.net.http.SocketTube$InternalReadPublisher$ReadEvent.signalEvent(SocketTube.java:957) ~[java.net.http:?]
	at java.net.http/jdk.internal.net.http.SocketTube$SocketFlowEvent.handle(SocketTube.java:253) ~[java.net.http:?]
	at java.net.http/jdk.internal.net.http.HttpClientImpl$SelectorManager.handleEvent(HttpClientImpl.java:984) ~[java.net.http:?]
	at java.net.http/jdk.internal.net.http.HttpClientImpl$SelectorManager.lambda$run$3(HttpClientImpl.java:939) ~[java.net.http:?]
	at java.base/java.util.ArrayList.forEach(ArrayList.java:1511) ~[?:?]
	at java.net.http/jdk.internal.net.http.HttpClientImpl$SelectorManager.run(HttpClientImpl.java:939) ~[java.net.http:?]
⚡️ ZEUS ⚡️ 2025-02-20T15:21:56,122 [scenario=ZeroBankTest.tableAssert] INFO  [TEST] - The quest of 'tableAssert(Quest)' has concluded with glory. Status: SUCCESS. Duration: 21 seconds.
